[debug] [2025-12-17T21:57:06.050Z] ----------------------------------------------------------------------
[debug] [2025-12-17T21:57:06.052Z] Command:       C:\nvm4w\nodejs\node.exe C:\nvm4w\nodejs\node_modules\firebase-tools\lib\bin\firebase.js init
[debug] [2025-12-17T21:57:06.053Z] CLI Version:   15.0.0
[debug] [2025-12-17T21:57:06.053Z] Platform:      win32
[debug] [2025-12-17T21:57:06.053Z] Node Version:  v20.19.5
[debug] [2025-12-17T21:57:06.053Z] Time:          Wed Dec 17 2025 16:57:06 GMT-0500 (Eastern Standard Time)
[debug] [2025-12-17T21:57:06.053Z] ----------------------------------------------------------------------
[debug] 
[info] 
     ######## #### ########  ######## ########     ###     ######  ########
     ##        ##  ##     ## ##       ##     ##  ##   ##  ##       ##
     ######    ##  ########  ######   ########  #########  ######  ######
     ##        ##  ##    ##  ##       ##     ## ##     ##       ## ##
     ##       #### ##     ## ######## ########  ##     ##  ######  ########

You're about to initialize a Firebase project in this directory:

  C:\Users\levir\lets-chat-app

[info] 
=== Project Setup
[info] 
[info] First, let's associate this project directory with a Firebase project.
[info] You can create multiple project aliases by running firebase use --add, 
[info] 
[debug] [2025-12-17T22:06:07.534Z] > command requires scopes: ["email","openid","https://www.googleapis.com/auth/cloudplatformprojects.readonly","https://www.googleapis.com/auth/firebase","https://www.googleapis.com/auth/cloud-platform"]
[debug] [2025-12-17T22:06:07.534Z] > authorizing via signed-in user (levi.j.redinger@gmail.com)
[debug] [2025-12-17T22:06:07.535Z] Checked if tokens are valid: false, expires at: 1765923554660
[debug] [2025-12-17T22:06:07.536Z] Checked if tokens are valid: false, expires at: 1765923554660
[debug] [2025-12-17T22:06:07.536Z] > refreshing access token with scopes: []
[debug] [2025-12-17T22:06:07.537Z] >>> [apiv2][query] POST https://www.googleapis.com/oauth2/v3/token [none]
[debug] [2025-12-17T22:06:07.538Z] >>> [apiv2][body] POST https://www.googleapis.com/oauth2/v3/token [omitted]
[debug] [2025-12-17T22:06:07.728Z] <<< [apiv2][status] POST https://www.googleapis.com/oauth2/v3/token 200
[debug] [2025-12-17T22:06:07.728Z] <<< [apiv2][body] POST https://www.googleapis.com/oauth2/v3/token [omitted]
[debug] [2025-12-17T22:06:07.760Z] >>> [apiv2][query] GET https://firebase.googleapis.com/v1beta1/projects/lets-chat-app-5eab0 [none]
[debug] [2025-12-17T22:06:08.114Z] <<< [apiv2][status] GET https://firebase.googleapis.com/v1beta1/projects/lets-chat-app-5eab0 200
[debug] [2025-12-17T22:06:08.115Z] <<< [apiv2][body] GET https://firebase.googleapis.com/v1beta1/projects/lets-chat-app-5eab0 {"projectId":"lets-chat-app-5eab0","projectNumber":"960766217824","displayName":"lets-chat-app","name":"projects/lets-chat-app-5eab0","resources":{"hostingSite":"lets-chat-app-5eab0"},"state":"ACTIVE","etag":"1_c7dbd829-6231-43f8-ba82-988b920d4bbd"}
[info] i  Using project lets-chat-app-5eab0 (lets-chat-app) . 
[info] 
=== Dataconnect Setup
[info] i  dataconnect: ensuring required API firebasedataconnect.googleapis.com is enabled... 
[info] i  dataconnect: ensuring required API sqladmin.googleapis.com is enabled... 
[debug] [2025-12-17T22:06:08.127Z] Checked if tokens are valid: true, expires at: 1766012766728
[debug] [2025-12-17T22:06:08.127Z] Checked if tokens are valid: true, expires at: 1766012766728
[debug] [2025-12-17T22:06:08.128Z] >>> [apiv2][query] GET https://firebasedataconnect.googleapis.com/v1/projects/lets-chat-app-5eab0/locations/-/services [none]
[debug] [2025-12-17T22:06:08.663Z] <<< [apiv2][status] GET https://firebasedataconnect.googleapis.com/v1/projects/lets-chat-app-5eab0/locations/-/services 200
[debug] [2025-12-17T22:06:08.663Z] <<< [apiv2][body] GET https://firebasedataconnect.googleapis.com/v1/projects/lets-chat-app-5eab0/locations/-/services {}
[debug] [2025-12-17T22:06:40.649Z] ExitPromptError: User force closed the prompt with SIGINT
    at Interface.sigint (C:\Users\levir\AppData\Local\nvm\v20.19.5\node_modules\firebase-tools\node_modules\@inquirer\core\dist\commonjs\lib\create-prompt.js:101:37)
    at Interface.emit (node:events:524:28)
    at [_ttyWrite] [as _ttyWrite] (node:internal/readline/interface:1128:18)
    at ReadStream.onkeypress (node:internal/readline/interface:267:20)
    at ReadStream.emit (node:events:536:35)
    at emitKeys (node:internal/readline/utils:371:14)
    at emitKeys.next (<anonymous>)
    at ReadStream.onData (node:internal/readline/emitKeypressEvents:64:36)
    at ReadStream.emit (node:events:524:28)
    at addChunk (node:internal/streams/readable:561:12)
[error] 
[error] Error: An unexpected error has occurred.
